2014.02.25 16:24 B D:\shingon-bd.com\shingon_giffiles\buyers_logos\ascend.jpg --> www.shingon-bd.com /www/shingon_giffiles/buyers_logos ascend.jpg
2014.02.25 16:25 B D:\shingon-bd.com\shingon_giffiles\buyers_logos\bobfimb.jpg --> www.shingon-bd.com /www/shingon_giffiles/buyers_logos bobfimb.jpg
2014.02.25 16:25 B D:\shingon-bd.com\shingon_giffiles\buyers_logos\buyer_logo.gif --> www.shingon-bd.com /www/shingon_giffiles/buyers_logos buyer_logo.gif
2014.02.25 16:25 B D:\shingon-bd.com\shingon_giffiles\buyers_logos\buyers_logos.swf --> www.shingon-bd.com /www/shingon_giffiles/buyers_logos buyers_logos.swf
2014.02.25 16:25 B D:\shingon-bd.com\shingon_giffiles\buyers_logos\colorplus.jpg --> www.shingon-bd.com /www/shingon_giffiles/buyers_logos colorplus.jpg
2014.02.25 16:25 B D:\shingon-bd.com\shingon_giffiles\buyers_logos\cust_logo.gif --> www.shingon-bd.com /www/shingon_giffiles/buyers_logos cust_logo.gif
2014.02.25 16:25 B D:\shingon-bd.com\shingon_giffiles\buyers_logos\customers_logo.swf --> www.shingon-bd.com /www/shingon_giffiles/buyers_logos customers_logo.swf
2014.02.25 16:25 B D:\shingon-bd.com\shingon_giffiles\buyers_logos\mcbregor.jpg --> www.shingon-bd.com /www/shingon_giffiles/buyers_logos mcbregor.jpg
2014.02.25 16:25 B D:\shingon-bd.com\shingon_giffiles\buyers_logos\raymond.jpg --> www.shingon-bd.com /www/shingon_giffiles/buyers_logos raymond.jpg
2014.02.25 16:25 B D:\shingon-bd.com\shingon_giffiles\buyers_logos\s_oliver.jpg --> www.shingon-bd.com /www/shingon_giffiles/buyers_logos s_oliver.jpg
2014.02.25 16:25 B D:\shingon-bd.com\shingon_giffiles\buyers_logos\sgroup.jpg --> www.shingon-bd.com /www/shingon_giffiles/buyers_logos sgroup.jpg
2014.02.25 16:25 B D:\shingon-bd.com\shingon_giffiles\buyers_logos\test1.gif --> www.shingon-bd.com /www/shingon_giffiles/buyers_logos test1.gif
2014.02.25 16:25 B D:\shingon-bd.com\shingon_giffiles\buyers_logos\tommy.jpg --> www.shingon-bd.com /www/shingon_giffiles/buyers_logos tommy.jpg
2015.02.12 16:07 B D:\shingon-bd.com\shingon_giffiles\buyers_logos\ascend.jpg --> www.shingon-bd.com /public_html/shingon_giffiles/buyers_logos ascend.jpg
2015.02.12 16:07 B D:\shingon-bd.com\shingon_giffiles\buyers_logos\bobfimb.jpg --> www.shingon-bd.com /public_html/shingon_giffiles/buyers_logos bobfimb.jpg
2015.02.12 16:07 B D:\shingon-bd.com\shingon_giffiles\buyers_logos\buyer_logo.gif --> www.shingon-bd.com /public_html/shingon_giffiles/buyers_logos buyer_logo.gif
2015.02.12 16:07 B D:\shingon-bd.com\shingon_giffiles\buyers_logos\buyers_logos.swf --> www.shingon-bd.com /public_html/shingon_giffiles/buyers_logos buyers_logos.swf
2015.02.12 16:07 B D:\shingon-bd.com\shingon_giffiles\buyers_logos\colorplus.jpg --> www.shingon-bd.com /public_html/shingon_giffiles/buyers_logos colorplus.jpg
2015.02.12 16:07 B D:\shingon-bd.com\shingon_giffiles\buyers_logos\cust_logo.gif --> www.shingon-bd.com /public_html/shingon_giffiles/buyers_logos cust_logo.gif
2015.02.12 16:07 B D:\shingon-bd.com\shingon_giffiles\buyers_logos\cust_logo1.gif --> www.shingon-bd.com /public_html/shingon_giffiles/buyers_logos cust_logo1.gif
2015.02.12 16:07 B D:\shingon-bd.com\shingon_giffiles\buyers_logos\cust_logo2.gif --> www.shingon-bd.com /public_html/shingon_giffiles/buyers_logos cust_logo2.gif
2015.02.12 16:07 B D:\shingon-bd.com\shingon_giffiles\buyers_logos\cust_logo3.gif --> www.shingon-bd.com /public_html/shingon_giffiles/buyers_logos cust_logo3.gif
2015.02.12 16:07 B D:\shingon-bd.com\shingon_giffiles\buyers_logos\cust_logo4.gif --> www.shingon-bd.com /public_html/shingon_giffiles/buyers_logos cust_logo4.gif
2015.02.12 16:07 B D:\shingon-bd.com\shingon_giffiles\buyers_logos\customers_logo.swf --> www.shingon-bd.com /public_html/shingon_giffiles/buyers_logos customers_logo.swf
2015.02.12 16:07 B D:\shingon-bd.com\shingon_giffiles\buyers_logos\mcbregor.jpg --> www.shingon-bd.com /public_html/shingon_giffiles/buyers_logos mcbregor.jpg
2015.02.12 16:07 B D:\shingon-bd.com\shingon_giffiles\buyers_logos\raymond.jpg --> www.shingon-bd.com /public_html/shingon_giffiles/buyers_logos raymond.jpg
2015.02.12 16:07 B D:\shingon-bd.com\shingon_giffiles\buyers_logos\s_oliver.jpg --> www.shingon-bd.com /public_html/shingon_giffiles/buyers_logos s_oliver.jpg
2015.02.12 16:07 B D:\shingon-bd.com\shingon_giffiles\buyers_logos\sgroup.jpg --> www.shingon-bd.com /public_html/shingon_giffiles/buyers_logos sgroup.jpg
2015.02.12 16:07 B D:\shingon-bd.com\shingon_giffiles\buyers_logos\test1.gif --> www.shingon-bd.com /public_html/shingon_giffiles/buyers_logos test1.gif
2015.02.12 16:07 B D:\shingon-bd.com\shingon_giffiles\buyers_logos\tommy.jpg --> www.shingon-bd.com /public_html/shingon_giffiles/buyers_logos tommy.jpg
2015.02.12 16:07 B D:\shingon-bd.com\shingon_giffiles\buyers_logos\WS_FTP.LOG --> www.shingon-bd.com /public_html/shingon_giffiles/buyers_logos WS_FTP.LOG
