2012.10.17 15:25 B D:\shingon-bd.com\offics\tsdoffice.Transition.GIF --> www.shingon-bd.com / tsdoffice.Transition.GIF
2012.10.17 15:36 B D:\shingon-bd.com\offics\01.jpg --> www.shingon-bd.com /offics 01.jpg
2012.10.17 15:36 B D:\shingon-bd.com\offics\1_sil_500dpi.JPG --> www.shingon-bd.com /offics 1_sil_500dpi.JPG
2012.10.17 15:36 B D:\shingon-bd.com\offics\2012_work_calendar-bd.xls --> www.shingon-bd.com /offics 2012_work_calendar-bd.xls
2012.10.17 15:36 B D:\shingon-bd.com\offics\2_sil_500dpi.JPG --> www.shingon-bd.com /offics 2_sil_500dpi.JPG
2012.10.17 15:36 B D:\shingon-bd.com\offics\3_sil_500dpi.JPG --> www.shingon-bd.com /offics 3_sil_500dpi.JPG
2012.10.17 15:36 B D:\shingon-bd.com\offics\img-indus-01.jpg --> www.shingon-bd.com /offics img-indus-01.jpg
2012.10.17 15:36 B D:\shingon-bd.com\offics\img-indus-02.jpg --> www.shingon-bd.com /offics img-indus-02.jpg
2012.10.17 15:36 B D:\shingon-bd.com\offics\img-indus-03.jpg --> www.shingon-bd.com /offics img-indus-03.jpg
2012.10.17 15:36 B D:\shingon-bd.com\offics\shingon_office_building_transition1.GIF --> www.shingon-bd.com /offics shingon_office_building_transition1.GIF
2012.10.17 15:36 B D:\shingon-bd.com\offics\shingon_office_building_transition1a.GIF --> www.shingon-bd.com /offics shingon_office_building_transition1a.GIF
2012.10.17 15:36 B D:\shingon-bd.com\offics\shingon_office_building_transition1b.GIF --> www.shingon-bd.com /offics shingon_office_building_transition1b.GIF
2012.10.17 15:36 B D:\shingon-bd.com\offics\sil1.jpg --> www.shingon-bd.com /offics sil1.jpg
2012.10.17 15:36 B D:\shingon-bd.com\offics\sil2-2.jpg --> www.shingon-bd.com /offics sil2-2.jpg
2012.10.17 15:37 B D:\shingon-bd.com\offics\sil2.jpg --> www.shingon-bd.com /offics sil2.jpg
2012.10.17 15:37 B D:\shingon-bd.com\offics\sil3.jpg --> www.shingon-bd.com /offics sil3.jpg
2012.10.17 15:37 B D:\shingon-bd.com\offics\sil3a1.jpg --> www.shingon-bd.com /offics sil3a1.jpg
2012.10.17 15:37 B D:\shingon-bd.com\offics\sil3b.jpg --> www.shingon-bd.com /offics sil3b.jpg
2012.10.17 15:37 B D:\shingon-bd.com\offics\sil3d.jpg --> www.shingon-bd.com /offics sil3d.jpg
2012.10.17 15:37 B D:\shingon-bd.com\offics\sil_transition4.gif --> www.shingon-bd.com /offics sil_transition4.gif
2012.10.17 15:37 B D:\shingon-bd.com\offics\sil_transition5.gif --> www.shingon-bd.com /offics sil_transition5.gif
2012.10.17 15:37 B D:\shingon-bd.com\offics\Thumbs.db --> www.shingon-bd.com /offics Thumbs.db
2012.10.17 15:38 B D:\shingon-bd.com\offics\tsdoffice.Transition.GIF --> www.shingon-bd.com /offics tsdoffice.Transition.GIF
2012.10.17 15:38 B D:\shingon-bd.com\offics\WS_FTP.LOG --> www.shingon-bd.com /offics WS_FTP.LOG
2012.10.20 11:28 B D:\shingon-bd.com\offics\tsdoffice.Transition4.GIF --> www.shingon-bd.com /offics tsdoffice.Transition4.GIF
