2015.02.27 17:50 B D:\shingon-bd.com\kobita\Rosh-Payala\0-Mukh_Banda.doc --> www.shingon-bd.com /public_html/kobita/Rosh-Payala 0-Mukh_Banda.doc
2015.02.27 17:50 B D:\shingon-bd.com\kobita\Rosh-Payala\1-1-Hurir_Hutashan.doc --> www.shingon-bd.com /public_html/kobita/Rosh-Payala 1-1-Hurir_Hutashan.doc
2015.02.27 17:50 B D:\shingon-bd.com\kobita\Rosh-Payala\1-Hurir_Hutashan.doc --> www.shingon-bd.com /public_html/kobita/Rosh-Payala 1-Hurir_Hutashan.doc
2015.02.27 17:50 B D:\shingon-bd.com\kobita\Rosh-Payala\10-Prayoshi.doc --> www.shingon-bd.com /public_html/kobita/Rosh-Payala 10-Prayoshi.doc
2015.02.27 17:50 B D:\shingon-bd.com\kobita\Rosh-Payala\11-Ami_Jaray_Chayachi.doc --> www.shingon-bd.com /public_html/kobita/Rosh-Payala 11-Ami_Jaray_Chayachi.doc
2015.02.27 17:50 B D:\shingon-bd.com\kobita\Rosh-Payala\12-Nishir_Ashoray.doc --> www.shingon-bd.com /public_html/kobita/Rosh-Payala 12-Nishir_Ashoray.doc
2015.02.27 17:50 B D:\shingon-bd.com\kobita\Rosh-Payala\13-Ful_Futay.doc --> www.shingon-bd.com /public_html/kobita/Rosh-Payala 13-Ful_Futay.doc
2015.02.27 17:50 B D:\shingon-bd.com\kobita\Rosh-Payala\14-1-Pushpo_Bona.doc --> www.shingon-bd.com /public_html/kobita/Rosh-Payala 14-1-Pushpo_Bona.doc
2015.02.27 17:50 B D:\shingon-bd.com\kobita\Rosh-Payala\14-Pushpo_Bona.doc --> www.shingon-bd.com /public_html/kobita/Rosh-Payala 14-Pushpo_Bona.doc
2015.02.27 17:50 B D:\shingon-bd.com\kobita\Rosh-Payala\15-Kamonay_Aiti_Bhulay.doc --> www.shingon-bd.com /public_html/kobita/Rosh-Payala 15-Kamonay_Aiti_Bhulay.doc
2015.02.27 17:50 B D:\shingon-bd.com\kobita\Rosh-Payala\16-Tumi_Sunitay_Chayachilay.doc --> www.shingon-bd.com /public_html/kobita/Rosh-Payala 16-Tumi_Sunitay_Chayachilay.doc
2015.02.27 17:50 B D:\shingon-bd.com\kobita\Rosh-Payala\17-Katotukun_Bhalobasha_Niya.doc --> www.shingon-bd.com /public_html/kobita/Rosh-Payala 17-Katotukun_Bhalobasha_Niya.doc
2015.02.27 17:50 B D:\shingon-bd.com\kobita\Rosh-Payala\18-Sokhi_Mon.doc --> www.shingon-bd.com /public_html/kobita/Rosh-Payala 18-Sokhi_Mon.doc
2015.02.27 17:50 B D:\shingon-bd.com\kobita\Rosh-Payala\19-Firiya_Dilay.doc --> www.shingon-bd.com /public_html/kobita/Rosh-Payala 19-Firiya_Dilay.doc
2015.02.27 17:50 B D:\shingon-bd.com\kobita\Rosh-Payala\2-O_Go_Rat.doc --> www.shingon-bd.com /public_html/kobita/Rosh-Payala 2-O_Go_Rat.doc
2015.02.27 17:50 B D:\shingon-bd.com\kobita\Rosh-Payala\20-Ful_Kuri.doc --> www.shingon-bd.com /public_html/kobita/Rosh-Payala 20-Ful_Kuri.doc
2015.02.27 17:50 B D:\shingon-bd.com\kobita\Rosh-Payala\21-Kanon_Bor.doc --> www.shingon-bd.com /public_html/kobita/Rosh-Payala 21-Kanon_Bor.doc
2015.02.27 17:50 B D:\shingon-bd.com\kobita\Rosh-Payala\22-Badhon_hara.doc --> www.shingon-bd.com /public_html/kobita/Rosh-Payala 22-Badhon_hara.doc
2015.02.27 17:50 B D:\shingon-bd.com\kobita\Rosh-Payala\23-Priya_Go.doc --> www.shingon-bd.com /public_html/kobita/Rosh-Payala 23-Priya_Go.doc
2015.02.27 17:50 B D:\shingon-bd.com\kobita\Rosh-Payala\24-Nishir_Nisha_Tolay.doc --> www.shingon-bd.com /public_html/kobita/Rosh-Payala 24-Nishir_Nisha_Tolay.doc
2015.02.27 17:50 B D:\shingon-bd.com\kobita\Rosh-Payala\25-Kano_Takay.doc --> www.shingon-bd.com /public_html/kobita/Rosh-Payala 25-Kano_Takay.doc
2015.02.27 17:50 B D:\shingon-bd.com\kobita\Rosh-Payala\26-Kano_Moray.doc --> www.shingon-bd.com /public_html/kobita/Rosh-Payala 26-Kano_Moray.doc
2015.02.27 17:50 B D:\shingon-bd.com\kobita\Rosh-Payala\27-A_Monar_A_Adahar.doc --> www.shingon-bd.com /public_html/kobita/Rosh-Payala 27-A_Monar_A_Adahar.doc
2015.02.27 17:50 B D:\shingon-bd.com\kobita\Rosh-Payala\28-Duranto_Shathi.doc --> www.shingon-bd.com /public_html/kobita/Rosh-Payala 28-Duranto_Shathi.doc
2015.02.27 17:50 B D:\shingon-bd.com\kobita\Rosh-Payala\29-Ma.doc --> www.shingon-bd.com /public_html/kobita/Rosh-Payala 29-Ma.doc
2015.02.27 17:50 B D:\shingon-bd.com\kobita\Rosh-Payala\3-Mon_Moury.doc --> www.shingon-bd.com /public_html/kobita/Rosh-Payala 3-Mon_Moury.doc
2015.02.27 17:50 B D:\shingon-bd.com\kobita\Rosh-Payala\4-ShiShir.doc --> www.shingon-bd.com /public_html/kobita/Rosh-Payala 4-ShiShir.doc
2015.02.27 17:50 B D:\shingon-bd.com\kobita\Rosh-Payala\5-Nishi_Fota_Ful.doc --> www.shingon-bd.com /public_html/kobita/Rosh-Payala 5-Nishi_Fota_Ful.doc
2015.02.27 17:50 B D:\shingon-bd.com\kobita\Rosh-Payala\6-Anantho_Gopon_Bodhu.doc --> www.shingon-bd.com /public_html/kobita/Rosh-Payala 6-Anantho_Gopon_Bodhu.doc
2015.02.27 17:50 B D:\shingon-bd.com\kobita\Rosh-Payala\7-Antor_Kolay.doc --> www.shingon-bd.com /public_html/kobita/Rosh-Payala 7-Antor_Kolay.doc
2015.02.27 17:50 B D:\shingon-bd.com\kobita\Rosh-Payala\8-Fashalyar_Proshuti.doc --> www.shingon-bd.com /public_html/kobita/Rosh-Payala 8-Fashalyar_Proshuti.doc
2015.02.27 17:50 B D:\shingon-bd.com\kobita\Rosh-Payala\9-Dekona_Amya.doc --> www.shingon-bd.com /public_html/kobita/Rosh-Payala 9-Dekona_Amya.doc
2017.02.07 17:14 B D:\shingon-bd.com\kobita\Rosh-Payala\WS_FTP.LOG --> 203.191.33.8 /public_html/webtech-bd.com/kobita/Rosh-Payala WS_FTP.LOG
