2015.02.27 17:48 B D:\shingon-bd.com\kobita\Hasna-Hena\1-Suropori.doc --> www.shingon-bd.com /public_html/kobita/Hasna-Hena 1-Suropori.doc
2015.02.27 17:48 B D:\shingon-bd.com\kobita\Hasna-Hena\10-Shaki.doc --> www.shingon-bd.com /public_html/kobita/Hasna-Hena 10-Shaki.doc
2015.02.27 17:48 B D:\shingon-bd.com\kobita\Hasna-Hena\11-Priyoha.doc --> www.shingon-bd.com /public_html/kobita/Hasna-Hena 11-Priyoha.doc
2015.02.27 17:48 B D:\shingon-bd.com\kobita\Hasna-Hena\12-Purorba-Urboshi.doc --> www.shingon-bd.com /public_html/kobita/Hasna-Hena 12-Purorba-Urboshi.doc
2015.02.27 17:48 B D:\shingon-bd.com\kobita\Hasna-Hena\13-Adhar Oti.doc --> www.shingon-bd.com /public_html/kobita/Hasna-Hena 13-Adhar Oti.doc
2015.02.27 17:48 B D:\shingon-bd.com\kobita\Hasna-Hena\14-Surar Binya.doc --> www.shingon-bd.com /public_html/kobita/Hasna-Hena 14-Surar Binya.doc
2015.02.27 17:48 B D:\shingon-bd.com\kobita\Hasna-Hena\15-Akakankhar.doc --> www.shingon-bd.com /public_html/kobita/Hasna-Hena 15-Akakankhar.doc
2015.02.27 17:48 B D:\shingon-bd.com\kobita\Hasna-Hena\16-Nuton Hiron-Torun Chashi.doc --> www.shingon-bd.com /public_html/kobita/Hasna-Hena 16-Nuton Hiron-Torun Chashi.doc
2015.02.27 17:48 B D:\shingon-bd.com\kobita\Hasna-Hena\17-Alayer Alo.doc --> www.shingon-bd.com /public_html/kobita/Hasna-Hena 17-Alayer Alo.doc
2015.02.27 17:48 B D:\shingon-bd.com\kobita\Hasna-Hena\18-Panthoshala.doc --> www.shingon-bd.com /public_html/kobita/Hasna-Hena 18-Panthoshala.doc
2015.02.27 17:48 B D:\shingon-bd.com\kobita\Hasna-Hena\19-Koto Bhalobasha.doc --> www.shingon-bd.com /public_html/kobita/Hasna-Hena 19-Koto Bhalobasha.doc
2015.02.27 17:48 B D:\shingon-bd.com\kobita\Hasna-Hena\2-Bondhu.doc --> www.shingon-bd.com /public_html/kobita/Hasna-Hena 2-Bondhu.doc
2015.02.27 17:48 B D:\shingon-bd.com\kobita\Hasna-Hena\20-Bhalobasha.doc --> www.shingon-bd.com /public_html/kobita/Hasna-Hena 20-Bhalobasha.doc
2015.02.27 17:48 B D:\shingon-bd.com\kobita\Hasna-Hena\21-Ridoya Vopali.doc --> www.shingon-bd.com /public_html/kobita/Hasna-Hena 21-Ridoya Vopali.doc
2015.02.27 17:48 B D:\shingon-bd.com\kobita\Hasna-Hena\22-SurSobi.doc --> www.shingon-bd.com /public_html/kobita/Hasna-Hena 22-SurSobi.doc
2015.02.27 17:48 B D:\shingon-bd.com\kobita\Hasna-Hena\23-Sunoyana.doc --> www.shingon-bd.com /public_html/kobita/Hasna-Hena 23-Sunoyana.doc
2015.02.27 17:48 B D:\shingon-bd.com\kobita\Hasna-Hena\24-MonyerTarya.doc --> www.shingon-bd.com /public_html/kobita/Hasna-Hena 24-MonyerTarya.doc
2015.02.27 17:48 B D:\shingon-bd.com\kobita\Hasna-Hena\25-RatGagaPakhi.doc --> www.shingon-bd.com /public_html/kobita/Hasna-Hena 25-RatGagaPakhi.doc
2015.02.27 17:48 B D:\shingon-bd.com\kobita\Hasna-Hena\26-Ful.doc --> www.shingon-bd.com /public_html/kobita/Hasna-Hena 26-Ful.doc
2015.02.27 17:48 B D:\shingon-bd.com\kobita\Hasna-Hena\27-Bidaya-Shasa.doc --> www.shingon-bd.com /public_html/kobita/Hasna-Hena 27-Bidaya-Shasa.doc
2015.02.27 17:48 B D:\shingon-bd.com\kobita\Hasna-Hena\28-Bahar-Bitan.doc --> www.shingon-bd.com /public_html/kobita/Hasna-Hena 28-Bahar-Bitan.doc
2015.02.27 17:48 B D:\shingon-bd.com\kobita\Hasna-Hena\29-Shilpir-Suray.doc --> www.shingon-bd.com /public_html/kobita/Hasna-Hena 29-Shilpir-Suray.doc
2015.02.27 17:48 B D:\shingon-bd.com\kobita\Hasna-Hena\3-Suroanjona.doc --> www.shingon-bd.com /public_html/kobita/Hasna-Hena 3-Suroanjona.doc
2015.02.27 17:48 B D:\shingon-bd.com\kobita\Hasna-Hena\30-Nishi-Jagi.doc --> www.shingon-bd.com /public_html/kobita/Hasna-Hena 30-Nishi-Jagi.doc
2015.02.27 17:48 B D:\shingon-bd.com\kobita\Hasna-Hena\31-Kalyar-Bitanya.doc --> www.shingon-bd.com /public_html/kobita/Hasna-Hena 31-Kalyar-Bitanya.doc
2015.02.27 17:48 B D:\shingon-bd.com\kobita\Hasna-Hena\32-Sunnynar-Majya.doc --> www.shingon-bd.com /public_html/kobita/Hasna-Hena 32-Sunnynar-Majya.doc
2015.02.27 17:48 B D:\shingon-bd.com\kobita\Hasna-Hena\4-Hasnahena.doc --> www.shingon-bd.com /public_html/kobita/Hasna-Hena 4-Hasnahena.doc
2015.02.27 17:48 B D:\shingon-bd.com\kobita\Hasna-Hena\5-Zaraful.doc --> www.shingon-bd.com /public_html/kobita/Hasna-Hena 5-Zaraful.doc
2015.02.27 17:48 B D:\shingon-bd.com\kobita\Hasna-Hena\6-Bish-Abashya.doc --> www.shingon-bd.com /public_html/kobita/Hasna-Hena 6-Bish-Abashya.doc
2015.02.27 17:48 B D:\shingon-bd.com\kobita\Hasna-Hena\7-Bashi.doc --> www.shingon-bd.com /public_html/kobita/Hasna-Hena 7-Bashi.doc
2015.02.27 17:48 B D:\shingon-bd.com\kobita\Hasna-Hena\8-Juthi.doc --> www.shingon-bd.com /public_html/kobita/Hasna-Hena 8-Juthi.doc
2015.02.27 17:48 B D:\shingon-bd.com\kobita\Hasna-Hena\9-Madol.doc --> www.shingon-bd.com /public_html/kobita/Hasna-Hena 9-Madol.doc
2017.02.07 17:14 B D:\shingon-bd.com\kobita\Hasna-Hena\WS_FTP.LOG --> 203.191.33.8 /public_html/webtech-bd.com/kobita/Hasna-Hena WS_FTP.LOG
