2007.07.16 11:25 B D:\shingon-bd.com\tgl_factory_pics\others\details_preview_of_tgl_files\filelist.xml --> www.shingon-bd.com /tgl_factory_pics/others/details_preview_of_tgl_files filelist.xml
2007.07.16 11:25 B D:\shingon-bd.com\tgl_factory_pics\others\details_preview_of_tgl_files\image001.gif --> www.shingon-bd.com /tgl_factory_pics/others/details_preview_of_tgl_files image001.gif
2007.07.16 11:25 B D:\shingon-bd.com\tgl_factory_pics\others\details_preview_of_tgl_files\Thumbs.db --> www.shingon-bd.com /tgl_factory_pics/others/details_preview_of_tgl_files Thumbs.db
2007.07.16 14:51 B D:\shingon-bd.com\tgl_factory_pics\others\details_preview_of_tgl_files\filelist.xml --> www.shingon-bd.com /tgl_factory_pics/others/details_preview_of_tgl_files filelist.xml
2007.07.16 14:52 B D:\shingon-bd.com\tgl_factory_pics\others\details_preview_of_tgl_files\image001.gif --> www.shingon-bd.com /tgl_factory_pics/others/details_preview_of_tgl_files image001.gif
2007.07.16 14:52 B D:\shingon-bd.com\tgl_factory_pics\others\details_preview_of_tgl_files\Thumbs.db --> www.shingon-bd.com /tgl_factory_pics/others/details_preview_of_tgl_files Thumbs.db
2007.07.16 14:52 B D:\shingon-bd.com\tgl_factory_pics\others\details_preview_of_tgl_files\WS_FTP.LOG --> www.shingon-bd.com /tgl_factory_pics/others/details_preview_of_tgl_files WS_FTP.LOG
2007.07.16 18:55 B D:\shingon-bd.com\tgl_factory_pics\others\details_preview_of_tgl_files\filelist.xml --> www.shingon-bd.com /tgl_factory_pics/others/details_preview_of_tgl_files filelist.xml
2007.07.16 18:55 B D:\shingon-bd.com\tgl_factory_pics\others\details_preview_of_tgl_files\image001.gif --> www.shingon-bd.com /tgl_factory_pics/others/details_preview_of_tgl_files image001.gif
2007.07.16 18:55 B D:\shingon-bd.com\tgl_factory_pics\others\details_preview_of_tgl_files\Thumbs.db --> www.shingon-bd.com /tgl_factory_pics/others/details_preview_of_tgl_files Thumbs.db
2007.07.16 18:55 B D:\shingon-bd.com\tgl_factory_pics\others\details_preview_of_tgl_files\WS_FTP.LOG --> www.shingon-bd.com /tgl_factory_pics/others/details_preview_of_tgl_files WS_FTP.LOG
2007.07.16 19:50 B D:\shingon-bd.com\tgl_factory_pics\others\details_preview_of_tgl_files\filelist.xml --> www.shingon-bd.com /tgl_factory_pics/others/details_preview_of_tgl_files filelist.xml
2007.07.17 12:09 B D:\shingon-bd.com\tgl_factory_pics\others\details_preview_of_tgl_files\filelist.xml --> www.shingon-bd.com /tgl_factory_pics/others/details_preview_of_tgl_files filelist.xml
2007.07.17 12:09 B D:\shingon-bd.com\tgl_factory_pics\others\details_preview_of_tgl_files\image001.gif --> www.shingon-bd.com /tgl_factory_pics/others/details_preview_of_tgl_files image001.gif
2007.07.17 12:09 B D:\shingon-bd.com\tgl_factory_pics\others\details_preview_of_tgl_files\Thumbs.db --> www.shingon-bd.com /tgl_factory_pics/others/details_preview_of_tgl_files Thumbs.db
2007.07.17 12:09 B D:\shingon-bd.com\tgl_factory_pics\others\details_preview_of_tgl_files\WS_FTP.LOG --> www.shingon-bd.com /tgl_factory_pics/others/details_preview_of_tgl_files WS_FTP.LOG
2007.08.01 14:55 B D:\shingon-bd.com\tgl_factory_pics\others\details_preview_of_tgl_files\filelist.xml --> www.shingon-bd.com /tgl_factory_pics/others/details_preview_of_tgl_files filelist.xml
2007.08.01 14:55 B D:\shingon-bd.com\tgl_factory_pics\others\details_preview_of_tgl_files\image001.gif --> www.shingon-bd.com /tgl_factory_pics/others/details_preview_of_tgl_files image001.gif
2007.08.01 14:55 B D:\shingon-bd.com\tgl_factory_pics\others\details_preview_of_tgl_files\image002.gif --> www.shingon-bd.com /tgl_factory_pics/others/details_preview_of_tgl_files image002.gif
2007.08.01 14:55 B D:\shingon-bd.com\tgl_factory_pics\others\details_preview_of_tgl_files\Thumbs.db --> www.shingon-bd.com /tgl_factory_pics/others/details_preview_of_tgl_files Thumbs.db
2007.08.01 14:55 B D:\shingon-bd.com\tgl_factory_pics\others\details_preview_of_tgl_files\WS_FTP.LOG --> www.shingon-bd.com /tgl_factory_pics/others/details_preview_of_tgl_files WS_FTP.LOG
2009.10.22 17:13 B D:\shingon-bd.com\tgl_factory_pics\others\details_preview_of_tgl_files\filelist.xml --> 221.120.96.10 /tgl_factory_pics/others/details_preview_of_tgl_files filelist.xml
2009.10.22 17:13 B D:\shingon-bd.com\tgl_factory_pics\others\details_preview_of_tgl_files\image001.gif --> 221.120.96.10 /tgl_factory_pics/others/details_preview_of_tgl_files image001.gif
2009.10.22 17:13 B D:\shingon-bd.com\tgl_factory_pics\others\details_preview_of_tgl_files\image002.gif --> 221.120.96.10 /tgl_factory_pics/others/details_preview_of_tgl_files image002.gif
2009.10.22 17:13 B D:\shingon-bd.com\tgl_factory_pics\others\details_preview_of_tgl_files\Thumbs.db --> 221.120.96.10 /tgl_factory_pics/others/details_preview_of_tgl_files Thumbs.db
2009.10.22 17:13 B D:\shingon-bd.com\tgl_factory_pics\others\details_preview_of_tgl_files\WS_FTP.LOG --> 221.120.96.10 /tgl_factory_pics/others/details_preview_of_tgl_files WS_FTP.LOG
